#
# A fatal error has been detected by the Java Runtime Environment:
#
#  EXCEPTION_ACCESS_VIOLATION (0xc0000005) at pc=0x000000006e898f45, pid=28148, tid=17508
#
# JRE version: Java(TM) SE Runtime Environment (8.0_91-b15) (build 1.8.0_91-b15)
# Java VM: Java HotSpot(TM) 64-Bit Server VM (25.91-b15 mixed mode windows-amd64 compressed oops)
# Problematic frame:
# V  [jvm.dll+0x128f45]
#
# Failed to write core dump. Minidumps are not enabled by default on client versions of Windows
#
# If you would like to submit a bug report, please visit:
#   http://bugreport.java.com/bugreport/crash.jsp
#

---------------  T H R E A D  ---------------

Current thread (0x000000001e806000):  JavaThread "JDWP Transport Listener: dt_socket" daemon [_thread_in_vm, id=17508, stack(0x000000001fe50000,0x000000001ff50000)]

siginfo: ExceptionCode=0xc0000005, reading address 0xffffffffffffffff

Registers:
RAX=0x000000001ff4f701, RBX=0x000000001e806000, RCX=0x003b7265003b7265, RDX=0x0000000000000000
RSP=0x000000001ff4f740, RBP=0x003b7265003b7265, RSI=0x000000001ff4f858, RDI=0x000000000312e8b0
R8 =0x000000001e806000, R9 =0x0000000000000001, R10=0x0000000000008000, R11=0x000000001ff4f690
R12=0x0000000000000000, R13=0x000000001e810ae8, R14=0x0000000000000000, R15=0x0000000000000000
RIP=0x000000006e898f45, EFLAGS=0x0000000000010206

Top of Stack: (sp=0x000000001ff4f740)
0x000000001ff4f740:   000000001e806000 000000001e806000
0x000000001ff4f750:   000000001ff4f808 000000006ea9f32b
0x000000001ff4f760:   000000001e806000 000000006eabbb8d
0x000000001ff4f770:   0000000000000049 000000006db19155
0x000000001ff4f780:   0000000022bedb30 000000006db2291e
0x000000001ff4f790:   000000001e806000 0000000000000000
0x000000001ff4f7a0:   0000000000000000 0000000000000000
0x000000001ff4f7b0:   003b7265003b7265 000000006db21a15
0x000000001ff4f7c0:   000000001ff4f858 000000001ff4f830
0x000000001ff4f7d0:   0000000000000001 0000000022bedb30
0x000000001ff4f7e0:   003b7265003b7265 000000006db053b3
0x000000001ff4f7f0:   000000001ff4f920 0000000000000001
0x000000001ff4f800:   0000000000000001 0000000022bedb30
0x000000001ff4f810:   0000000000000002 0000000000000000
0x000000001ff4f820:   0000000000000000 0000000000000000
0x000000001ff4f830:   0000000000000001 000000006db05571 

Instructions: (pc=0x000000006e898f45)
0x000000006e898f25:   cc cc cc cc cc cc cc cc cc cc cc 48 83 ec 28 48
0x000000006e898f35:   85 c9 75 07 33 c0 48 83 c4 28 c3 48 89 5c 24 20
0x000000006e898f45:   48 8b 19 48 85 db 74 20 48 83 fb 37 74 1a 48 8b
0x000000006e898f55:   13 48 8b cb ff 52 10 84 c0 74 0d 48 8b c3 48 8b 


Register to memory mapping:

RAX=0x000000001ff4f701 is pointing into the stack for thread: 0x000000001e806000
RBX=0x000000001e806000 is a thread
RCX=0x003b7265003b7265 is an unknown value
RDX=0x0000000000000000 is an unknown value
RSP=0x000000001ff4f740 is pointing into the stack for thread: 0x000000001e806000
RBP=0x003b7265003b7265 is an unknown value
RSI=0x000000001ff4f858 is pointing into the stack for thread: 0x000000001e806000
RDI=0x000000000312e8b0 is an unknown value
R8 =0x000000001e806000 is a thread
R9 =0x0000000000000001 is an unknown value
R10=0x0000000000008000 is an unknown value
R11=0x000000001ff4f690 is pointing into the stack for thread: 0x000000001e806000
R12=0x0000000000000000 is an unknown value
R13=0x000000001e810ae8 is an unknown value
R14=0x0000000000000000 is an unknown value
R15=0x0000000000000000 is an unknown value


Stack: [0x000000001fe50000,0x000000001ff50000],  sp=0x000000001ff4f740,  free space=1021k
Native frames: (J=compiled Java code, j=interpreted, Vv=VM code, C=native code)
V  [jvm.dll+0x128f45]
V  [jvm.dll+0x34bb8d]
C  [jdwp.dll+0x21a15]
C  [jdwp.dll+0x53b3]
C  [jdwp.dll+0x5571]
C  [jdwp.dll+0xf0a8]
C  [jdwp.dll+0x1f2d5]
C  [jdwp.dll+0x1f4aa]
V  [jvm.dll+0x1bbf38]
V  [jvm.dll+0x243ae4]
V  [jvm.dll+0x29a99a]
C  [msvcr100.dll+0x21d9f]
C  [msvcr100.dll+0x21e3b]
C  [KERNEL32.DLL+0x17bd4]
C  [ntdll.dll+0x6ce51]


---------------  P R O C E S S  ---------------

Java Threads: ( => current thread )
  0x0000000024d27000 JavaThread "RMI TCP Connection(idle)" daemon [_thread_blocked, id=28352, stack(0x0000000027df0000,0x0000000027ef0000)]
  0x0000000024d22800 JavaThread "DestroyJavaVM" [_thread_blocked, id=18436, stack(0x0000000003230000,0x0000000003330000)]
  0x0000000024d1b800 JavaThread "http-nio-8080-Acceptor" daemon [_thread_in_native, id=18152, stack(0x0000000026ef0000,0x0000000026ff0000)]
  0x0000000024d20800 JavaThread "http-nio-8080-ClientPoller" daemon [_thread_in_native, id=13144, stack(0x0000000026df0000,0x0000000026ef0000)]
  0x0000000024d1f800 JavaThread "http-nio-8080-exec-10" daemon [_thread_blocked, id=1220, stack(0x0000000026cf0000,0x0000000026df0000)]
  0x0000000024d1f000 JavaThread "http-nio-8080-exec-9" daemon [_thread_blocked, id=27444, stack(0x0000000026bf0000,0x0000000026cf0000)]
  0x0000000024d1e000 JavaThread "http-nio-8080-exec-8" daemon [_thread_blocked, id=15716, stack(0x0000000026af0000,0x0000000026bf0000)]
  0x0000000024d21000 JavaThread "http-nio-8080-exec-7" daemon [_thread_blocked, id=2368, stack(0x00000000269f0000,0x0000000026af0000)]
  0x0000000022e93800 JavaThread "http-nio-8080-exec-6" daemon [_thread_blocked, id=168, stack(0x00000000268f0000,0x00000000269f0000)]
  0x0000000022e93000 JavaThread "http-nio-8080-exec-5" daemon [_thread_blocked, id=5616, stack(0x00000000266f0000,0x00000000267f0000)]
  0x0000000022e90800 JavaThread "http-nio-8080-exec-4" daemon [_thread_blocked, id=27096, stack(0x00000000265f0000,0x00000000266f0000)]
  0x0000000022e94800 JavaThread "http-nio-8080-exec-3" daemon [_thread_blocked, id=22656, stack(0x00000000264f0000,0x00000000265f0000)]
  0x0000000022e8e800 JavaThread "http-nio-8080-exec-2" daemon [_thread_blocked, id=28532, stack(0x00000000263f0000,0x00000000264f0000)]
  0x0000000022e90000 JavaThread "http-nio-8080-exec-1" daemon [_thread_blocked, id=27580, stack(0x00000000262f0000,0x00000000263f0000)]
  0x0000000022e92000 JavaThread "http-nio-8080-BlockPoller" daemon [_thread_in_native, id=8296, stack(0x00000000261f0000,0x00000000262f0000)]
  0x0000000022e8f000 JavaThread "container-0" [_thread_blocked, id=24920, stack(0x0000000024520000,0x0000000024620000)]
  0x0000000022e8a800 JavaThread "Catalina-utility-2" [_thread_blocked, id=17244, stack(0x0000000024420000,0x0000000024520000)]
  0x0000000022e75000 JavaThread "Catalina-utility-1" [_thread_blocked, id=25016, stack(0x0000000024320000,0x0000000024420000)]
  0x0000000022d85800 JavaThread "HikariPool-1 housekeeper" daemon [_thread_blocked, id=28128, stack(0x0000000023220000,0x0000000023320000)]
  0x0000000020a83800 JavaThread "JMX server connection timeout 21" daemon [_thread_blocked, id=9468, stack(0x0000000021d50000,0x0000000021e50000)]
  0x0000000020a6b800 JavaThread "RMI Scheduler(0)" daemon [_thread_blocked, id=24252, stack(0x0000000021b50000,0x0000000021c50000)]
  0x0000000020834800 JavaThread "RMI TCP Accept-0" daemon [_thread_in_native, id=20560, stack(0x0000000021410000,0x0000000021510000)]
  0x0000000020820800 JavaThread "RMI TCP Accept-61672" daemon [_thread_in_native, id=13716, stack(0x0000000021310000,0x0000000021410000)]
  0x000000002081d000 JavaThread "RMI TCP Accept-0" daemon [_thread_in_native, id=15624, stack(0x0000000021210000,0x0000000021310000)]
  0x000000002068e800 JavaThread "Service Thread" daemon [_thread_blocked, id=18496, stack(0x0000000021110000,0x0000000021210000)]
  0x000000002060b000 JavaThread "C1 CompilerThread3" daemon [_thread_blocked, id=22268, stack(0x0000000021010000,0x0000000021110000)]
  0x000000002060a800 JavaThread "C2 CompilerThread2" daemon [_thread_blocked, id=22448, stack(0x0000000020f10000,0x0000000021010000)]
  0x0000000020619800 JavaThread "C2 CompilerThread1" daemon [_thread_blocked, id=22024, stack(0x0000000020e10000,0x0000000020f10000)]
  0x0000000020618800 JavaThread "C2 CompilerThread0" daemon [_thread_blocked, id=6844, stack(0x0000000020d10000,0x0000000020e10000)]
  0x000000001e812000 JavaThread "JDWP Command Reader" daemon [_thread_in_native, id=26456, stack(0x0000000020410000,0x0000000020510000)]
  0x000000001e811800 JavaThread "JDWP Event Helper Thread" daemon [_thread_blocked, id=15256, stack(0x0000000020310000,0x0000000020410000)]
=>0x000000001e806000 JavaThread "JDWP Transport Listener: dt_socket" daemon [_thread_in_vm, id=17508, stack(0x000000001fe50000,0x000000001ff50000)]
  0x000000001e7f8000 JavaThread "Attach Listener" daemon [_thread_blocked, id=28616, stack(0x000000001fd50000,0x000000001fe50000)]
  0x000000001e7f7000 JavaThread "Signal Dispatcher" daemon [_thread_blocked, id=8836, stack(0x000000001fc50000,0x000000001fd50000)]
  0x000000001d0f4800 JavaThread "Finalizer" daemon [_thread_blocked, id=9668, stack(0x000000001fa50000,0x000000001fb50000)]
  0x000000001d0ed800 JavaThread "Reference Handler" daemon [_thread_blocked, id=28400, stack(0x000000001f950000,0x000000001fa50000)]

Other Threads:
  0x000000001e7c2800 VMThread [stack: 0x000000001f850000,0x000000001f950000] [id=14212]
  0x0000000020837800 WatcherThread [stack: 0x0000000021510000,0x0000000021610000] [id=9904]

VM state:not at safepoint (normal execution)

VM Mutex/Monitor currently owned by a thread: None

Heap:
 PSYoungGen      total 396800K, used 28697K [0x000000076b700000, 0x000000078b280000, 0x00000007c0000000)
  eden space 381440K, 7% used [0x000000076b700000,0x000000076d3065b8,0x0000000782b80000)
  from space 15360K, 0% used [0x0000000782b80000,0x0000000782b80000,0x0000000783a80000)
  to   space 17920K, 0% used [0x000000078a100000,0x000000078a100000,0x000000078b280000)
 ParOldGen       total 162816K, used 27368K [0x00000006c2400000, 0x00000006cc300000, 0x000000076b700000)
  object space 162816K, 16% used [0x00000006c2400000,0x00000006c3eba098,0x00000006cc300000)
 Metaspace       used 56625K, capacity 59632K, committed 59952K, reserved 1101824K
  class space    used 7676K, capacity 8181K, committed 8240K, reserved 1048576K

Card table byte_map: [0x00000000128f0000,0x00000000130e0000] byte_map_base: 0x000000000f2de000

Marking Bits: (ParMarkBitMap*) 0x000000006ef82f70
 Begin Bits: [0x0000000014030000, 0x0000000017fa0000)
 End Bits:   [0x0000000017fa0000, 0x000000001bf10000)

Polling page: 0x00000000017d0000

CodeCache: size=245760Kb used=9273Kb max_used=9273Kb free=236486Kb
 bounds [0x0000000003530000, 0x0000000003e40000, 0x0000000012530000]
 total_blobs=4975 nmethods=4387 adapters=507
 compilation: enabled

Compilation events (10 events):
Event: 83.493 Thread 0x000000002060b000 4391       1       java.util.concurrent.ConcurrentHashMap$KeyIterator::<init> (12 bytes)
Event: 83.493 Thread 0x000000002060b000 nmethod 4391 0x0000000003e3d410 code [0x0000000003e3d580, 0x0000000003e3d738]
Event: 86.541 Thread 0x000000002060b000 4392  s    1       org.apache.tomcat.util.collections.SynchronizedQueue::size (23 bytes)
Event: 86.541 Thread 0x000000002060b000 nmethod 4392 0x0000000003e3d810 code [0x0000000003e3d960, 0x0000000003e3dbf0]
Event: 86.541 Thread 0x000000002060b000 4393       1       java.nio.channels.spi.AbstractSelector::isOpen (8 bytes)
Event: 86.541 Thread 0x000000002060b000 nmethod 4393 0x0000000003e3dc90 code [0x0000000003e3dde0, 0x0000000003e3df10]
Event: 92.859 Thread 0x000000002060b000 4394       1       org.apache.catalina.LifecycleState::isAvailable (5 bytes)
Event: 92.860 Thread 0x000000002060b000 nmethod 4394 0x0000000003e3df90 code [0x0000000003e3e0e0, 0x0000000003e3e1f0]
Event: 92.920 Thread 0x000000002060b000 4395       1       java.util.concurrent.locks.AbstractQueuedSynchronizer$Node::predecessor (19 bytes)
Event: 92.920 Thread 0x000000002060b000 nmethod 4395 0x0000000003e3e250 code [0x0000000003e3e3c0, 0x0000000003e3e588]

GC Heap History (10 events):
Event: 2.984 GC heap before
{Heap before GC invocations=8 (full 1):
 PSYoungGen      total 222208K, used 18842K [0x000000076b700000, 0x0000000779e00000, 0x00000007c0000000)
  eden space 210944K, 3% used [0x000000076b700000,0x000000076be6d3d0,0x0000000778500000)
  from space 11264K, 99% used [0x0000000779200000,0x0000000779cf9808,0x0000000779d00000)
  to   space 12800K, 0% used [0x0000000778500000,0x0000000778500000,0x0000000779180000)
 ParOldGen       total 94720K, used 8329K [0x00000006c2400000, 0x00000006c8080000, 0x000000076b700000)
  object space 94720K, 8% used [0x00000006c2400000,0x00000006c2c227a0,0x00000006c8080000)
 Metaspace       used 33529K, capacity 35316K, committed 35496K, reserved 1081344K
  class space    used 4245K, capacity 4582K, committed 4656K, reserved 1048576K
Event: 2.989 GC heap after
Heap after GC invocations=8 (full 1):
 PSYoungGen      total 223744K, used 7526K [0x000000076b700000, 0x0000000784980000, 0x00000007c0000000)
  eden space 210944K, 0% used [0x000000076b700000,0x000000076b700000,0x0000000778500000)
  from space 12800K, 58% used [0x0000000778500000,0x0000000778c59940,0x0000000779180000)
  to   space 12800K, 0% used [0x0000000783d00000,0x0000000783d00000,0x0000000784980000)
 ParOldGen       total 94720K, used 8337K [0x00000006c2400000, 0x00000006c8080000, 0x000000076b700000)
  object space 94720K, 8% used [0x00000006c2400000,0x00000006c2c247a0,0x00000006c8080000)
 Metaspace       used 33529K, capacity 35316K, committed 35496K, reserved 1081344K
  class space    used 4245K, capacity 4582K, committed 4656K, reserved 1048576K
}
Event: 2.989 GC heap before
{Heap before GC invocations=9 (full 2):
 PSYoungGen      total 223744K, used 7526K [0x000000076b700000, 0x0000000784980000, 0x00000007c0000000)
  eden space 210944K, 0% used [0x000000076b700000,0x000000076b700000,0x0000000778500000)
  from space 12800K, 58% used [0x0000000778500000,0x0000000778c59940,0x0000000779180000)
  to   space 12800K, 0% used [0x0000000783d00000,0x0000000783d00000,0x0000000784980000)
 ParOldGen       total 94720K, used 8337K [0x00000006c2400000, 0x00000006c8080000, 0x000000076b700000)
  object space 94720K, 8% used [0x00000006c2400000,0x00000006c2c247a0,0x00000006c8080000)
 Metaspace       used 33529K, capacity 35316K, committed 35496K, reserved 1081344K
  class space    used 4245K, capacity 4582K, committed 4656K, reserved 1048576K
Event: 3.024 GC heap after
Heap after GC invocations=9 (full 2):
 PSYoungGen      total 223744K, used 0K [0x000000076b700000, 0x0000000784980000, 0x00000007c0000000)
  eden space 210944K, 0% used [0x000000076b700000,0x000000076b700000,0x0000000778500000)
  from space 12800K, 0% used [0x0000000778500000,0x0000000778500000,0x0000000779180000)
  to   space 12800K, 0% used [0x0000000783d00000,0x0000000783d00000,0x0000000784980000)
 ParOldGen       total 124928K, used 13055K [0x00000006c2400000, 0x00000006c9e00000, 0x000000076b700000)
  object space 124928K, 10% used [0x00000006c2400000,0x00000006c30bfd08,0x00000006c9e00000)
 Metaspace       used 33529K, capacity 35316K, committed 35496K, reserved 1081344K
  class space    used 4245K, capacity 4582K, committed 4656K, reserved 1048576K
}
Event: 3.570 GC heap before
{Heap before GC invocations=10 (full 2):
 PSYoungGen      total 223744K, used 210944K [0x000000076b700000, 0x0000000784980000, 0x00000007c0000000)
  eden space 210944K, 100% used [0x000000076b700000,0x0000000778500000,0x0000000778500000)
  from space 12800K, 0% used [0x0000000778500000,0x0000000778500000,0x0000000779180000)
  to   space 12800K, 0% used [0x0000000783d00000,0x0000000783d00000,0x0000000784980000)
 ParOldGen       total 124928K, used 13055K [0x00000006c2400000, 0x00000006c9e00000, 0x000000076b700000)
  object space 124928K, 10% used [0x00000006c2400000,0x00000006c30bfd08,0x00000006c9e00000)
 Metaspace       used 45597K, capacity 47798K, committed 47920K, reserved 1091584K
  class space    used 6026K, capacity 6420K, committed 6448K, reserved 1048576K
Event: 3.580 GC heap after
Heap after GC invocations=10 (full 2):
 PSYoungGen      total 366592K, used 12788K [0x000000076b700000, 0x0000000784980000, 0x00000007c0000000)
  eden space 353792K, 0% used [0x000000076b700000,0x000000076b700000,0x0000000781080000)
  from space 12800K, 99% used [0x0000000783d00000,0x000000078497d0d8,0x0000000784980000)
  to   space 15360K, 0% used [0x0000000782b80000,0x0000000782b80000,0x0000000783a80000)
 ParOldGen       total 124928K, used 15871K [0x00000006c2400000, 0x00000006c9e00000, 0x000000076b700000)
  object space 124928K, 12% used [0x00000006c2400000,0x00000006c337fcd8,0x00000006c9e00000)
 Metaspace       used 45597K, capacity 47798K, committed 47920K, reserved 1091584K
  class space    used 6026K, capacity 6420K, committed 6448K, reserved 1048576K
}
Event: 20.957 GC heap before
{Heap before GC invocations=11 (full 2):
 PSYoungGen      total 366592K, used 225732K [0x000000076b700000, 0x0000000784980000, 0x00000007c0000000)
  eden space 353792K, 60% used [0x000000076b700000,0x00000007786f3f48,0x0000000781080000)
  from space 12800K, 99% used [0x0000000783d00000,0x000000078497d0d8,0x0000000784980000)
  to   space 15360K, 0% used [0x0000000782b80000,0x0000000782b80000,0x0000000783a80000)
 ParOldGen       total 124928K, used 15871K [0x00000006c2400000, 0x00000006c9e00000, 0x000000076b700000)
  object space 124928K, 12% used [0x00000006c2400000,0x00000006c337fcd8,0x00000006c9e00000)
 Metaspace       used 56212K, capacity 59084K, committed 59160K, reserved 1099776K
  class space    used 7585K, capacity 8069K, committed 8112K, reserved 1048576K
Event: 20.966 GC heap after
Heap after GC invocations=11 (full 2):
 PSYoungGen      total 396800K, used 15332K [0x000000076b700000, 0x000000078b280000, 0x00000007c0000000)
  eden space 381440K, 0% used [0x000000076b700000,0x000000076b700000,0x0000000782b80000)
  from space 15360K, 99% used [0x0000000782b80000,0x0000000783a79200,0x0000000783a80000)
  to   space 17920K, 0% used [0x000000078a100000,0x000000078a100000,0x000000078b280000)
 ParOldGen       total 124928K, used 17914K [0x00000006c2400000, 0x00000006c9e00000, 0x000000076b700000)
  object space 124928K, 14% used [0x00000006c2400000,0x00000006c357eaf8,0x00000006c9e00000)
 Metaspace       used 56212K, capacity 59084K, committed 59160K, reserved 1099776K
  class space    used 7585K, capacity 8069K, committed 8112K, reserved 1048576K
}
Event: 20.966 GC heap before
{Heap before GC invocations=12 (full 3):
 PSYoungGen      total 396800K, used 15332K [0x000000076b700000, 0x000000078b280000, 0x00000007c0000000)
  eden space 381440K, 0% used [0x000000076b700000,0x000000076b700000,0x0000000782b80000)
  from space 15360K, 99% used [0x0000000782b80000,0x0000000783a79200,0x0000000783a80000)
  to   space 17920K, 0% used [0x000000078a100000,0x000000078a100000,0x000000078b280000)
 ParOldGen       total 124928K, used 17914K [0x00000006c2400000, 0x00000006c9e00000, 0x000000076b700000)
  object space 124928K, 14% used [0x00000006c2400000,0x00000006c357eaf8,0x00000006c9e00000)
 Metaspace       used 56212K, capacity 59084K, committed 59160K, reserved 1099776K
  class space    used 7585K, capacity 8069K, committed 8112K, reserved 1048576K
Event: 21.060 GC heap after
Heap after GC invocations=12 (full 3):
 PSYoungGen      total 396800K, used 0K [0x000000076b700000, 0x000000078b280000, 0x00000007c0000000)
  eden space 381440K, 0% used [0x000000076b700000,0x000000076b700000,0x0000000782b80000)
  from space 15360K, 0% used [0x0000000782b80000,0x0000000782b80000,0x0000000783a80000)
  to   space 17920K, 0% used [0x000000078a100000,0x000000078a100000,0x000000078b280000)
 ParOldGen       total 162816K, used 27368K [0x00000006c2400000, 0x00000006cc300000, 0x000000076b700000)
  object space 162816K, 16% used [0x00000006c2400000,0x00000006c3eba098,0x00000006cc300000)
 Metaspace       used 56212K, capacity 59084K, committed 59160K, reserved 1099776K
  class space    used 7585K, capacity 8069K, committed 8112K, reserved 1048576K
}

Deoptimization events (0 events):
No events

Internal exceptions (10 events):
Event: 4.066 Thread 0x0000000003336800 Exception <a 'java/lang/ArrayIndexOutOfBoundsException'> (0x00000007733513a0) thrown at [C:\re\workspace\8-2-build-windows-amd64-cygwin\jdk8u91\7017\hotspot\src\share\vm\runtime\sharedRuntime.cpp, line 605]
Event: 8.689 Thread 0x0000000022e8e800 Exception <a 'java/lang/ArrayIndexOutOfBoundsException'> (0x0000000776a5a810) thrown at [C:\re\workspace\8-2-build-windows-amd64-cygwin\jdk8u91\7017\hotspot\src\share\vm\runtime\sharedRuntime.cpp, line 605]
Event: 21.074 Thread 0x0000000022e8e800 Exception <a 'java/lang/NoSuchMethodError': java.lang.Object.lambda$mapIfAllPresent$6(Ljava/util/Optional;Ljava/util/function/BiFunction;Ljava/lang/Object;)Ljava/util/Optional;> (0x000000076b705dd0) thrown at [C:\re\workspace\8-2-build-windows-amd64-cygwinìk]j„5@
Event: 21.080 Thread 0x0000000022e8e800 Exception <a 'java/lang/NoSuchMethodError': java.lang.Object.lambda$null$5(Ljava/util/function/BiFunction;Ljava/lang/Object;Ljava/lang/Object;)Ljava/lang/Object;> (0x000000076b70aa60) thrown at [C:\re\workspace\8-2-build-windows-amd64-cygwin\jdk8u91\7017\hgxXM<5@
Event: 21.236 Thread 0x0000000022e8e800 Exception <a 'java/lang/NoSuchMethodError': java.lang.Object.lambda$static$0(Lorg/hibernate/type/EntityType;Ljava/lang/Object;Lorg/hibernate/engine/spi/SharedSessionContractImplementor;Ljava/lang/Object;Ljava/lang/Boolean;)Ljava/lang/Object;> (0x000000076bNrÑÚ~G5@
Event: 21.279 Thread 0x0000000022e8e800 Exception <a 'java/lang/ArrayIndexOutOfBoundsException': 23> (0x000000076b8034d0) thrown at [C:\re\workspace\8-2-build-windows-amd64-cygwin\jdk8u91\7017\hotspot\src\share\vm\interpreter\interpreterRuntime.cpp, line 366]
Event: 38.458 Thread 0x0000000022e8e800 Exception <a 'java/lang/reflect/InvocationTargetException'> (0x000000076c2f74b8) thrown at [C:\re\workspace\8-2-build-windows-amd64-cygwin\jdk8u91\7017\hotspot\src\share\vm\runtime\reflection.cpp, line 1092]
Event: 42.500 Thread 0x0000000022e8e800 Exception <a 'java/lang/ArrayIndexOutOfBoundsException'> (0x000000076c6dd0f0) thrown at [C:\re\workspace\8-2-build-windows-amd64-cygwin\jdk8u91\7017\hotspot\src\share\vm\runtime\sharedRuntime.cpp, line 605]
Event: 42.505 Thread 0x0000000022e8e800 Exception <a 'java/lang/ArrayIndexOutOfBoundsException'> (0x000000076c7ab8a8) thrown at [C:\re\workspace\8-2-build-windows-amd64-cygwin\jdk8u91\7017\hotspot\src\share\vm\runtime\sharedRuntime.cpp, line 605]
Event: 42.520 Thread 0x0000000022e8e800 Exception <a 'java/lang/ArrayIndexOutOfBoundsException'> (0x000000076ca47148) thrown at [C:\re\workspace\8-2-build-windows-amd64-cygwin\jdk8u91\7017\hotspot\src\share\vm\runtime\sharedRuntime.cpp, line 605]

Events (10 events):
Event: 63.815 Thread 0x0000000022e8d800 Thread exited: 0x0000000022e8d800
Event: 64.007 Thread 0x0000000024d1b000 Thread exited: 0x0000000024d1b000
Event: 91.046 Thread 0x0000000020845000 Thread exited: 0x0000000020845000
Event: 91.046 Thread 0x0000000024d1d000 Thread exited: 0x0000000024d1d000
Event: 91.046 Thread 0x0000000024d24000 Thread exited: 0x0000000024d24000
Event: 91.046 Thread 0x0000000024d1c800 Thread exited: 0x0000000024d1c800
Event: 91.050 Thread 0x0000000024d28800 Thread exited: 0x0000000024d28800
Event: 91.050 Thread 0x0000000020a70800 Thread exited: 0x0000000020a70800
Event: 93.109 Executing VM operation: RedefineClasses
Event: 93.126 Executing VM operation: RedefineClasses done


Dynamic libraries:
0x00007ff67ec20000 - 0x00007ff67ec57000 	C:\Program Files\Java\jre1.8.0_91\bin\javaw.exe
0x00007ffff2e00000 - 0x00007ffff2ff0000 	C:\Windows\SYSTEM32\ntdll.dll
0x00007ffff2220000 - 0x00007ffff22d2000 	C:\Windows\System32\KERNEL32.DLL
0x00007fffefd90000 - 0x00007ffff0035000 	C:\Windows\System32\KERNELBASE.dll
0x00007ffff2c70000 - 0x00007ffff2d13000 	C:\Windows\System32\ADVAPI32.dll
0x00007ffff2d20000 - 0x00007ffff2dbe000 	C:\Windows\System32\msvcrt.dll
0x00007ffff1c60000 - 0x00007ffff1cf7000 	C:\Windows\System32\sechost.dll
0x00007ffff0eb0000 - 0x00007ffff0fd0000 	C:\Windows\System32\RPCRT4.dll
0x00007ffff22e0000 - 0x00007ffff2475000 	C:\Windows\System32\USER32.dll
0x00007ffff0500000 - 0x00007ffff0521000 	C:\Windows\System32\win32u.dll
0x00007ffff1d00000 - 0x00007ffff1d26000 	C:\Windows\System32\GDI32.dll
0x00007ffff0040000 - 0x00007ffff01d6000 	C:\Windows\System32\gdi32full.dll
0x00007ffff0460000 - 0x00007ffff04fe000 	C:\Windows\System32\msvcp_win.dll
0x00007ffff0260000 - 0x00007ffff035a000 	C:\Windows\System32\ucrtbase.dll
0x00007fffdfbd0000 - 0x00007fffdfe54000 	C:\Windows\WinSxS\amd64_microsoft.windows.common-controls_6595b64144ccf1df_6.0.18362.1082_none_9e8193e1e45b25c1\COMCTL32.dll
0x00007ffff1860000 - 0x00007ffff1b95000 	C:\Windows\System32\combase.dll
0x00007ffff0e30000 - 0x00007ffff0eb0000 	C:\Windows\System32\bcryptPrimitives.dll
0x00007ffff1540000 - 0x00007ffff156e000 	C:\Windows\System32\IMM32.DLL
0x000000006db60000 - 0x000000006dc32000 	C:\Program Files\Java\jre1.8.0_91\bin\msvcr100.dll
0x000000006e770000 - 0x000000006f003000 	C:\Program Files\Java\jre1.8.0_91\bin\server\jvm.dll
0x00007ffff1480000 - 0x00007ffff1488000 	C:\Windows\System32\PSAPI.DLL
0x00007fffdab30000 - 0x00007fffdab39000 	C:\Windows\SYSTEM32\WSOCK32.dll
0x00007fffed670000 - 0x00007fffed694000 	C:\Windows\SYSTEM32\WINMM.dll
0x00007ffff17f0000 - 0x00007ffff185f000 	C:\Windows\System32\WS2_32.dll
0x00007fffea7f0000 - 0x00007fffea7fa000 	C:\Windows\SYSTEM32\VERSION.dll
0x00007fffed640000 - 0x00007fffed66d000 	C:\Windows\SYSTEM32\winmmbase.dll
0x00007ffff0360000 - 0x00007ffff03aa000 	C:\Windows\System32\cfgmgr32.dll
0x000000006e760000 - 0x000000006e76f000 	C:\Program Files\Java\jre1.8.0_91\bin\verify.dll
0x000000006e730000 - 0x000000006e759000 	C:\Program Files\Java\jre1.8.0_91\bin\java.dll
0x000000006db00000 - 0x000000006db35000 	C:\Program Files\Java\jre1.8.0_91\bin\jdwp.dll
0x000000006daf0000 - 0x000000006daf8000 	C:\Program Files\Java\jre1.8.0_91\bin\npt.dll
0x000000006d840000 - 0x000000006d863000 	C:\Program Files\Java\jre1.8.0_91\bin\instrument.dll
0x000000006e710000 - 0x000000006e726000 	C:\Program Files\Java\jre1.8.0_91\bin\zip.dll
0x00007ffff2480000 - 0x00007ffff2b67000 	C:\Windows\System32\SHELL32.dll
0x00007ffff1490000 - 0x00007ffff1539000 	C:\Windows\System32\shcore.dll
0x00007ffff0530000 - 0x00007ffff0cb0000 	C:\Windows\System32\windows.storage.dll
0x00007fffefcf0000 - 0x00007fffefd13000 	C:\Windows\System32\profapi.dll
0x00007fffefd40000 - 0x00007fffefd8a000 	C:\Windows\System32\powrprof.dll
0x00007fffefcc0000 - 0x00007fffefcd0000 	C:\Windows\System32\UMPDC.dll
0x00007ffff11e0000 - 0x00007ffff1232000 	C:\Windows\System32\shlwapi.dll
0x00007fffefcd0000 - 0x00007fffefce1000 	C:\Windows\System32\kernel.appcore.dll
0x00007ffff0240000 - 0x00007ffff0257000 	C:\Windows\System32\cryptsp.dll
0x000000006dae0000 - 0x000000006dae9000 	C:\Program Files\Java\jre1.8.0_91\bin\dt_socket.dll
0x00007fffd6810000 - 0x00007fffd6826000 	C:\Windows\system32\napinsp.dll
0x00007fffd5900000 - 0x00007fffd591a000 	C:\Windows\system32\pnrpnsp.dll
0x00007fffef510000 - 0x00007fffef577000 	C:\Windows\System32\mswsock.dll
0x00007fffef260000 - 0x00007fffef32b000 	C:\Windows\SYSTEM32\DNSAPI.dll
0x00007ffff1240000 - 0x00007ffff1248000 	C:\Windows\System32\NSI.dll
0x00007fffef220000 - 0x00007fffef25a000 	C:\Windows\SYSTEM32\IPHLPAPI.DLL
0x00007fffd9860000 - 0x00007fffd986e000 	C:\Windows\System32\winrnr.dll
0x00007fffeb950000 - 0x00007fffeb96c000 	C:\Windows\system32\NLAapi.dll
0x00007fffea900000 - 0x00007fffea915000 	C:\Windows\system32\wshbth.dll
0x000000006fa60000 - 0x000000006fa86000 	C:\Program Files\Bonjour\mdnsNSP.dll
0x00007fffe78c0000 - 0x00007fffe7937000 	C:\Windows\System32\fwpuclnt.dll
0x00007ffff0cb0000 - 0x00007ffff0cd6000 	C:\Windows\System32\bcrypt.dll
0x00007fffe7260000 - 0x00007fffe726a000 	C:\Windows\System32\rasadhlp.dll
0x000000006dd00000 - 0x000000006dd0d000 	C:\Program Files\Java\jre1.8.0_91\bin\management.dll
0x000000006e6f0000 - 0x000000006e70a000 	C:\Program Files\Java\jre1.8.0_91\bin\net.dll
0x000000006e6d0000 - 0x000000006e6e1000 	C:\Program Files\Java\jre1.8.0_91\bin\nio.dll
0x00007fffef080000 - 0x00007fffef0b3000 	C:\Windows\system32\rsaenh.dll
0x00007fffefba0000 - 0x00007fffefbc5000 	C:\Windows\SYSTEM32\USERENV.dll
0x00007fffef6e0000 - 0x00007fffef6ec000 	C:\Windows\SYSTEM32\CRYPTBASE.dll
0x00007fffe86b0000 - 0x00007fffe86c6000 	C:\Windows\SYSTEM32\dhcpcsvc6.DLL
0x00007fffe7ec0000 - 0x00007fffe7edc000 	C:\Windows\SYSTEM32\dhcpcsvc.DLL
0x00007fffee5e0000 - 0x00007fffee7d4000 	C:\Windows\SYSTEM32\dbghelp.dll

VM Arguments:
jvm_args: -agentlib:jdwp=transport=dt_socket,suspend=y,address=localhost:61673 -Dcom.sun.management.jmxremote -Dcom.sun.management.jmxremote.port=61672 -Dcom.sun.management.jmxremote.authenticate=false -Dcom.sun.management.jmxremote.ssl=false -Djava.rmi.server.hostname=localhost -Dspring.jmx.enabled=true -Dspring.application.admin.enabled=true -Xverify:none -XX:TieredStopAtLevel=1 -Dspring.boot.project.name=TipoCambio -javaagent:C:\Users\Hossmell\Documents\Instaladores\sts-4.7.1.RELEASE\configuration\org.eclipse.osgi\248\0\.cp\lib\javaagent-shaded.jar -Dfile.encoding=UTF-8 
java_command: com.devhoss.TipoCambioApplication --spring.output.ansi.enabled=always
java_class_path (initial): C:\Users\Hossmell\Documents\workspace-spring-tool-suite-4-4.7.1.RELEASE\TipoCambio\target\classes;C:\Users\Hossmell\.m2\repository\org\springframework\boot\spring-boot-starter-data-jpa\2.3.4.RELEASE\spring-boot-starter-data-jpa-2.3.4.RELEASE.jar;C:\Users\Hossmell\.m2\repository\org\springframework\boot\spring-boot-starter-aop\2.3.4.RELEASE\spring-boot-starter-aop-2.3.4.RELEASE.jar;C:\Users\Hossmell\.m2\repository\org\springframework\spring-aop\5.2.9.RELEASE\spring-aop-5.2.9.RELEASE.jar;C:\Users\Hossmell\.m2\repository\org\aspectj\aspectjweaver\1.9.6\aspectjweaver-1.9.6.jar;C:\Users\Hossmell\.m2\repository\org\springframework\boot\spring-boot-starter-jdbc\2.3.4.RELEASE\spring-boot-starter-jdbc-2.3.4.RELEASE.jar;C:\Users\Hossmell\.m2\repository\com\zaxxer\HikariCP\3.4.5\HikariCP-3.4.5.jar;C:\Users\Hossmell\.m2\repository\org\springframework\spring-jdbc\5.2.9.RELEASE\spring-jdbc-5.2.9.RELEASE.jar;C:\Users\Hossmell\.m2\repository\jakarta\transaction\jakarta.transaction-api\1.3.3\jakarta.transaction-api-1.3.3.jar;C:\Users\Hossmell\.m2\repository\jakarta\persistence\jakarta.persistence-api\2.2.3\jakarta.persistence-api-2.2.3.jar;C:\Users\Hossmell\.m2\repository\org\hibernate\hibernate-core\5.4.21.Final\hibernate-core-5.4.21.Final.jar;C:\Users\Hossmell\.m2\repository\org\jboss\logging\jboss-logging\3.4.1.Final\jboss-logging-3.4.1.Final.jar;C:\Users\Hossmell\.m2\repository\org\javassist\javassist\3.24.0-GA\javassist-3.24.0-GA.jar;C:\Users\Hossmell\.m2\repository\net\bytebuddy\byte-buddy\1.10.14\byte-buddy-1.10.14.jar;C:\Users\Hossmell\.m2\repository\antlr\antlr\2.7.7\antlr-2.7.7.jar;C:\Users\Hossmell\.m2\repository\org\jboss\jandex\2.1.3.Final\jandex-2.1.3.Final.jar;C:\Users\Hossmell\.m2\repository\org\dom4j\dom4j\2.1.3\dom4j-2.1.3.jar;C:\Users\Hossmell\.m2\repository\org\hibernate\common\hibernate-commons-annotations\5.1.0.Final\hibernate-commons-annotations-5.1.0.Final.jar;C:\Users\Hossmell\.m2\repository\org\glassfish\jaxb\jaxb-runtime\2.3.3\
Launcher Type: SUN_STANDARD

Environment Variables:
JAVA_HOME=C:\Users\Hossmell\Documents\Instaladores\CodeReady\java-1.8.0-openjdk-1.8.0.265-3.b01.redhat.windows.x86_64
PATH=C:/Program Files/Java/jre1.8.0_91/bin/server;C:/Program Files/Java/jre1.8.0_91/bin;C:/Program Files/Java/jre1.8.0_91/lib/amd64;C:\Program Files (x86)\Common Files\Oracle\Java\javapath;C:\Windows\system32;C:\Windows;C:\Windows\System32\Wbem;C:\Windows\System32\WindowsPowerShell\v1.0\;C:\Windows\System32\OpenSSH\;C:\Program Files (x86)\NVIDIA Corporation\PhysX\Common;C:\Program Files\NVIDIA Corporation\NVIDIA NvDLISR;C:\Program Files\dotnet\;C:\Program Files\Microsoft SQL Server\130\Tools\Binn\;C:\Program Files\Microsoft SQL Server\Client SDK\ODBC\170\Tools\Binn\;C:\Program Files (x86)\Microsoft SQL Server\150\DTS\Binn\;C:\Program Files\Microsoft SQL Server\Client SDK\ODBC\130\Tools\Binn\;C:\Program Files (x86)\Microsoft SQL Server\140\Tools\Binn\;C:\Program Files\Microsoft SQL Server\140\Tools\Binn\;C:\Program Files\Microsoft SQL Server\140\DTS\Binn\;C:\Program Files\nodejs\;C:\Users\Hossmell\Documents\ELK\logstash-7.6.1\bin;C:\Program Files\Git\cmd;C:\Users\Hossmell\Documents\Instaladores\CodeReady\java-1.8.0-openjdk-1.8.0.265-3.b01.redhat.windows.x86_64\bin;C:\Program Files (x86)\GitExtensions\;C:\Users\Hossmell\AppData\Local\Microsoft\WindowsApps;C:\Users\Hossmell\AppData\Roaming\npm;C:\Users\Hossmell\AppData\Local\Programs\Microsoft VS Code\bin;C:\Users\Hossmell\.dotnet\tools;C:\Users\Hossmell\Documents\Instaladores\sts-4.7.1.RELEASE;
USERNAME=Hossmell
OS=Windows_NT
PROCESSOR_IDENTIFIER=Intel64 Family 6 Model 158 Stepping 10, GenuineIntel



---------------  S Y S T E M  ---------------

OS: Windows 10.0 , 64 bit Build 18362 (10.0.18362.1082)

CPU:total 12 (6 cores per cpu, 2 threads per core) family 6 model 158 stepping 10, cmov, cx8, fxsr, mmx, sse, sse2, sse3, ssse3, sse4.1, sse4.2, popcnt, avx, avx2, aes, clmul, erms, 3dnowpref, lzcnt, ht, tsc, tscinvbit, bmi1, bmi2, adx

Memory: 4k page, physical 16624848k(2738168k free), swap 26434292k(4089628k free)

vm_info: Java HotSpot(TM) 64-Bit Server VM (25.91-b15) for windows-amd64 JRE (1.8.0_91-b15), built on May 20 2016 17:43:15 by "java_re" with MS VC++ 10.0 (VS2010)

time: Fri Sep 25 00:58:53 2020
elapsed time: 93 seconds (0d 0h 1m 33s)

