#
# A fatal error has been detected by the Java Runtime Environment:
#
#  EXCEPTION_ACCESS_VIOLATION (0xc0000005) at pc=0x000000006e898f45, pid=27164, tid=16456
#
# JRE version: Java(TM) SE Runtime Environment (8.0_91-b15) (build 1.8.0_91-b15)
# Java VM: Java HotSpot(TM) 64-Bit Server VM (25.91-b15 mixed mode windows-amd64 compressed oops)
# Problematic frame:
# V  [jvm.dll+0x128f45]
#
# Failed to write core dump. Minidumps are not enabled by default on client versions of Windows
#
# If you would like to submit a bug report, please visit:
#   http://bugreport.java.com/bugreport/crash.jsp
#

---------------  T H R E A D  ---------------

Current thread (0x000000001dd77000):  JavaThread "JDWP Transport Listener: dt_socket" daemon [_thread_in_vm, id=16456, stack(0x000000001f750000,0x000000001f850000)]

siginfo: ExceptionCode=0xc0000005, reading address 0xffffffffffffffff

Registers:
RAX=0x000000001f84f701, RBX=0x000000001dd77000, RCX=0x43656c694672614a, RDX=0x0000000000000000
RSP=0x000000001f84f7a0, RBP=0x43656c694672614a, RSI=0x000000001f84f8b8, RDI=0x000000000276e8b0
R8 =0x000000001dd77000, R9 =0x0000000000000001, R10=0x0000000000008000, R11=0x000000001f84f6f0
R12=0x0000000000000000, R13=0x000000001dd7f338, R14=0x0000000000000000, R15=0x0000000000000000
RIP=0x000000006e898f45, EFLAGS=0x0000000000010202

Top of Stack: (sp=0x000000001f84f7a0)
0x000000001f84f7a0:   000000001dd77000 000000001dd77000
0x000000001f84f7b0:   000000001f84f868 000000006ea9f32b
0x000000001f84f7c0:   000000001dd77000 000000006eabbb8d
0x000000001f84f7d0:   0000000000000000 000000006db19155
0x000000001f84f7e0:   000000002243ff88 000000006db2291e
0x000000001f84f7f0:   000000001dd77000 0000000000000000
0x000000001f84f800:   0000000000000000 0000000000000000
0x000000001f84f810:   43656c694672614a 000000006db21a15
0x000000001f84f820:   000000001f84f8b8 000000001f84f890
0x000000001f84f830:   0000000000000001 000000002243ff88
0x000000001f84f840:   43656c694672614a 000000006db053b3
0x000000001f84f850:   000000001f84f980 0000000000000001
0x000000001f84f860:   0000000000000001 000000002243ff88
0x000000001f84f870:   0000000000000002 0000000000000000
0x000000001f84f880:   0000000000000000 0000000000000000
0x000000001f84f890:   0000000000000001 000000006db05571 

Instructions: (pc=0x000000006e898f45)
0x000000006e898f25:   cc cc cc cc cc cc cc cc cc cc cc 48 83 ec 28 48
0x000000006e898f35:   85 c9 75 07 33 c0 48 83 c4 28 c3 48 89 5c 24 20
0x000000006e898f45:   48 8b 19 48 85 db 74 20 48 83 fb 37 74 1a 48 8b
0x000000006e898f55:   13 48 8b cb ff 52 10 84 c0 74 0d 48 8b c3 48 8b 


Register to memory mapping:

RAX=0x000000001f84f701 is pointing into the stack for thread: 0x000000001dd77000
RBX=0x000000001dd77000 is a thread
RCX=0x43656c694672614a is an unknown value
RDX=0x0000000000000000 is an unknown value
RSP=0x000000001f84f7a0 is pointing into the stack for thread: 0x000000001dd77000
RBP=0x43656c694672614a is an unknown value
RSI=0x000000001f84f8b8 is pointing into the stack for thread: 0x000000001dd77000
RDI=0x000000000276e8b0 is an unknown value
R8 =0x000000001dd77000 is a thread
R9 =0x0000000000000001 is an unknown value
R10=0x0000000000008000 is an unknown value
R11=0x000000001f84f6f0 is pointing into the stack for thread: 0x000000001dd77000
R12=0x0000000000000000 is an unknown value
R13=0x000000001dd7f338 is an unknown value
R14=0x0000000000000000 is an unknown value
R15=0x0000000000000000 is an unknown value


Stack: [0x000000001f750000,0x000000001f850000],  sp=0x000000001f84f7a0,  free space=1021k
Native frames: (J=compiled Java code, j=interpreted, Vv=VM code, C=native code)
V  [jvm.dll+0x128f45]
V  [jvm.dll+0x34bb8d]
C  [jdwp.dll+0x21a15]
C  [jdwp.dll+0x53b3]
C  [jdwp.dll+0x5571]
C  [jdwp.dll+0xf0a8]
C  [jdwp.dll+0x1f2d5]
C  [jdwp.dll+0x1f4aa]
V  [jvm.dll+0x1bbf38]
V  [jvm.dll+0x243ae4]
V  [jvm.dll+0x29a99a]
C  [msvcr100.dll+0x21d9f]
C  [msvcr100.dll+0x21e3b]
C  [KERNEL32.DLL+0x17bd4]
C  [ntdll.dll+0x6ce51]


---------------  P R O C E S S  ---------------

Java Threads: ( => current thread )
  0x000000002428e800 JavaThread "RMI TCP Connection(idle)" daemon [_thread_blocked, id=21924, stack(0x00000000272a0000,0x00000000273a0000)]
  0x0000000024287000 JavaThread "DestroyJavaVM" [_thread_blocked, id=11708, stack(0x0000000002780000,0x0000000002880000)]
  0x0000000024288800 JavaThread "http-nio-8080-Acceptor" daemon [_thread_in_native, id=7796, stack(0x00000000264a0000,0x00000000265a0000)]
  0x000000002428c800 JavaThread "http-nio-8080-ClientPoller" daemon [_thread_in_native, id=20472, stack(0x00000000263a0000,0x00000000264a0000)]
  0x0000000024289800 JavaThread "http-nio-8080-exec-10" daemon [_thread_blocked, id=25956, stack(0x00000000262a0000,0x00000000263a0000)]
  0x000000002428d000 JavaThread "http-nio-8080-exec-9" daemon [_thread_blocked, id=4404, stack(0x00000000261a0000,0x00000000262a0000)]
  0x000000002428b800 JavaThread "http-nio-8080-exec-8" daemon [_thread_blocked, id=12144, stack(0x00000000260a0000,0x00000000261a0000)]
  0x0000000024285800 JavaThread "http-nio-8080-exec-7" daemon [_thread_blocked, id=20124, stack(0x0000000025fa0000,0x00000000260a0000)]
  0x00000000223ba800 JavaThread "http-nio-8080-exec-6" daemon [_thread_blocked, id=17832, stack(0x0000000025ea0000,0x0000000025fa0000)]
  0x00000000223c0800 JavaThread "http-nio-8080-exec-5" daemon [_thread_blocked, id=1844, stack(0x0000000025ca0000,0x0000000025da0000)]
  0x00000000223be000 JavaThread "http-nio-8080-exec-4" daemon [_thread_blocked, id=13172, stack(0x0000000025ba0000,0x0000000025ca0000)]
  0x00000000223bf800 JavaThread "http-nio-8080-exec-3" daemon [_thread_blocked, id=25852, stack(0x0000000025aa0000,0x0000000025ba0000)]
  0x00000000223c1000 JavaThread "http-nio-8080-exec-2" daemon [_thread_blocked, id=16176, stack(0x00000000259a0000,0x0000000025aa0000)]
  0x00000000223bf000 JavaThread "http-nio-8080-exec-1" daemon [_thread_blocked, id=16944, stack(0x00000000258a0000,0x00000000259a0000)]
  0x00000000223bd800 JavaThread "http-nio-8080-BlockPoller" daemon [_thread_in_native, id=23976, stack(0x00000000257a0000,0x00000000258a0000)]
  0x00000000223bb000 JavaThread "container-0" [_thread_blocked, id=19540, stack(0x0000000023ad0000,0x0000000023bd0000)]
  0x00000000222d5800 JavaThread "Catalina-utility-2" [_thread_blocked, id=4520, stack(0x00000000237d0000,0x00000000238d0000)]
  0x00000000222d5000 JavaThread "Catalina-utility-1" [_thread_blocked, id=20856, stack(0x00000000236d0000,0x00000000237d0000)]
  0x00000000222d3000 JavaThread "HikariPool-1 housekeeper" daemon [_thread_blocked, id=9896, stack(0x0000000022760000,0x0000000022860000)]
  0x000000001fffb000 JavaThread "JMX server connection timeout 21" daemon [_thread_blocked, id=25264, stack(0x0000000021290000,0x0000000021390000)]
  0x000000001ffe2000 JavaThread "RMI Scheduler(0)" daemon [_thread_blocked, id=16772, stack(0x0000000021090000,0x0000000021190000)]
  0x000000001fd79000 JavaThread "RMI TCP Accept-0" daemon [_thread_in_native, id=11592, stack(0x0000000020950000,0x0000000020a50000)]
  0x000000001fd74800 JavaThread "RMI TCP Accept-61954" daemon [_thread_in_native, id=8140, stack(0x0000000020850000,0x0000000020950000)]
  0x000000001fd62800 JavaThread "RMI TCP Accept-0" daemon [_thread_in_native, id=23860, stack(0x0000000020750000,0x0000000020850000)]
  0x000000001fbcc800 JavaThread "Service Thread" daemon [_thread_blocked, id=27200, stack(0x0000000020650000,0x0000000020750000)]
  0x000000001fb49800 JavaThread "C1 CompilerThread3" daemon [_thread_blocked, id=22700, stack(0x0000000020550000,0x0000000020650000)]
  0x000000001fb49000 JavaThread "C2 CompilerThread2" daemon [_thread_blocked, id=15864, stack(0x0000000020450000,0x0000000020550000)]
  0x000000001fb44000 JavaThread "C2 CompilerThread1" daemon [_thread_blocked, id=17068, stack(0x0000000020350000,0x0000000020450000)]
  0x000000001fb3b000 JavaThread "C2 CompilerThread0" daemon [_thread_blocked, id=25332, stack(0x0000000020250000,0x0000000020350000)]
  0x000000001dd81000 JavaThread "JDWP Command Reader" daemon [_thread_in_native, id=19340, stack(0x000000001f950000,0x000000001fa50000)]
  0x000000001dd80000 JavaThread "JDWP Event Helper Thread" daemon [_thread_blocked, id=24668, stack(0x000000001f850000,0x000000001f950000)]
=>0x000000001dd77000 JavaThread "JDWP Transport Listener: dt_socket" daemon [_thread_in_vm, id=16456, stack(0x000000001f750000,0x000000001f850000)]
  0x000000001dd6a800 JavaThread "Attach Listener" daemon [_thread_blocked, id=19248, stack(0x000000001f2c0000,0x000000001f3c0000)]
  0x000000001dd69800 JavaThread "Signal Dispatcher" daemon [_thread_blocked, id=18980, stack(0x000000001f1c0000,0x000000001f2c0000)]
  0x000000001dd53800 JavaThread "Finalizer" daemon [_thread_blocked, id=16096, stack(0x000000001efc0000,0x000000001f0c0000)]
  0x000000001c68f800 JavaThread "Reference Handler" daemon [_thread_blocked, id=26656, stack(0x000000001eec0000,0x000000001efc0000)]

Other Threads:
  0x000000001dd31800 VMThread [stack: 0x000000001edc0000,0x000000001eec0000] [id=15468]
  0x000000001fd7e000 WatcherThread [stack: 0x0000000020a50000,0x0000000020b50000] [id=5368]

VM state:not at safepoint (normal execution)

VM Mutex/Monitor currently owned by a thread: None

Heap:
 PSYoungGen      total 397312K, used 31995K [0x000000076b700000, 0x000000078b500000, 0x00000007c0000000)
  eden space 381952K, 8% used [0x000000076b700000,0x000000076d63ef68,0x0000000782c00000)
  from space 15360K, 0% used [0x0000000782c00000,0x0000000782c00000,0x0000000783b00000)
  to   space 17920K, 0% used [0x000000078a380000,0x000000078a380000,0x000000078b500000)
 ParOldGen       total 161280K, used 27501K [0x00000006c2400000, 0x00000006cc180000, 0x000000076b700000)
  object space 161280K, 17% used [0x00000006c2400000,0x00000006c3edb4c0,0x00000006cc180000)
 Metaspace       used 56593K, capacity 59604K, committed 59696K, reserved 1101824K
  class space    used 7672K, capacity 8213K, committed 8240K, reserved 1048576K

Card table byte_map: [0x0000000011e40000,0x0000000012630000] byte_map_base: 0x000000000e82e000

Marking Bits: (ParMarkBitMap*) 0x000000006ef82f70
 Begin Bits: [0x0000000013580000, 0x00000000174f0000)
 End Bits:   [0x00000000174f0000, 0x000000001b460000)

Polling page: 0x00000000003f0000

CodeCache: size=245760Kb used=9477Kb max_used=9477Kb free=236282Kb
 bounds [0x0000000002a80000, 0x00000000033d0000, 0x0000000011a80000]
 total_blobs=5084 nmethods=4496 adapters=507
 compilation: enabled

Compilation events (10 events):
Event: 302.879 Thread 0x000000001fb49800 4496       1       java.util.EventObject::getSource (5 bytes)
Event: 302.879 Thread 0x000000001fb49800 nmethod 4496 0x00000000033bde90 code [0x00000000033bdfe0, 0x00000000033be0f0]
Event: 303.531 Thread 0x000000001fb49800 4497       1       java.util.concurrent.locks.AbstractQueuedSynchronizer$ConditionObject::await (98 bytes)
Event: 303.532 Thread 0x000000001fb49800 nmethod 4497 0x00000000033be150 code [0x00000000033be360, 0x00000000033be9a8]
Event: 304.594 Thread 0x000000001fb49800 4499       1       java.io.ObjectOutputStream$BlockDataOutputStream::writeUTF (11 bytes)
Event: 304.594 Thread 0x000000001fb49800 nmethod 4499 0x00000000033befd0 code [0x00000000033bf140, 0x00000000033bf2b8]
Event: 304.594 Thread 0x000000001fb49800 4498   !   1       java.io.ObjectInputStream$BlockDataInputStream::readBlockHeader (249 bytes)
Event: 304.595 Thread 0x000000001fb49800 nmethod 4498 0x00000000033bf350 code [0x00000000033bf620, 0x00000000033c0338]
Event: 322.881 Thread 0x000000001fb49800 4500       1       org.apache.catalina.valves.ValveBase::backgroundProcess (1 bytes)
Event: 322.881 Thread 0x000000001fb49800 nmethod 4500 0x00000000033c1510 code [0x00000000033c1660, 0x00000000033c1770]

GC Heap History (10 events):
Event: 3.005 GC heap before
{Heap before GC invocations=8 (full 1):
 PSYoungGen      total 220672K, used 19410K [0x000000076b700000, 0x0000000779c00000, 0x00000007c0000000)
  eden space 208896K, 3% used [0x000000076b700000,0x000000076be7e830,0x0000000778300000)
  from space 11776K, 99% used [0x0000000779080000,0x0000000779bf6058,0x0000000779c00000)
  to   space 12800K, 0% used [0x0000000778300000,0x0000000778300000,0x0000000778f80000)
 ParOldGen       total 95744K, used 8001K [0x00000006c2400000, 0x00000006c8180000, 0x000000076b700000)
  object space 95744K, 8% used [0x00000006c2400000,0x00000006c2bd0758,0x00000006c8180000)
 Metaspace       used 33513K, capacity 35314K, committed 35496K, reserved 1081344K
  class space    used 4248K, capacity 4583K, committed 4656K, reserved 1048576K
Event: 3.010 GC heap after
Heap after GC invocations=8 (full 1):
 PSYoungGen      total 221696K, used 7416K [0x000000076b700000, 0x0000000784a00000, 0x00000007c0000000)
  eden space 208896K, 0% used [0x000000076b700000,0x000000076b700000,0x0000000778300000)
  from space 12800K, 57% used [0x0000000778300000,0x0000000778a3e130,0x0000000778f80000)
  to   space 12800K, 0% used [0x0000000783d80000,0x0000000783d80000,0x0000000784a00000)
 ParOldGen       total 95744K, used 8001K [0x00000006c2400000, 0x00000006c8180000, 0x000000076b700000)
  object space 95744K, 8% used [0x00000006c2400000,0x00000006c2bd0758,0x00000006c8180000)
 Metaspace       used 33513K, capacity 35314K, committed 35496K, reserved 1081344K
  class space    used 4248K, capacity 4583K, committed 4656K, reserved 1048576K
}
Event: 3.010 GC heap before
{Heap before GC invocations=9 (full 2):
 PSYoungGen      total 221696K, used 7416K [0x000000076b700000, 0x0000000784a00000, 0x00000007c0000000)
  eden space 208896K, 0% used [0x000000076b700000,0x000000076b700000,0x0000000778300000)
  from space 12800K, 57% used [0x0000000778300000,0x0000000778a3e130,0x0000000778f80000)
  to   space 12800K, 0% used [0x0000000783d80000,0x0000000783d80000,0x0000000784a00000)
 ParOldGen       total 95744K, used 8001K [0x00000006c2400000, 0x00000006c8180000, 0x000000076b700000)
  object space 95744K, 8% used [0x00000006c2400000,0x00000006c2bd0758,0x00000006c8180000)
 Metaspace       used 33513K, capacity 35314K, committed 35496K, reserved 1081344K
  class space    used 4248K, capacity 4583K, committed 4656K, reserved 1048576K
Event: 3.051 GC heap after
Heap after GC invocations=9 (full 2):
 PSYoungGen      total 221696K, used 0K [0x000000076b700000, 0x0000000784a00000, 0x00000007c0000000)
  eden space 208896K, 0% used [0x000000076b700000,0x000000076b700000,0x0000000778300000)
  from space 12800K, 0% used [0x0000000778300000,0x0000000778300000,0x0000000778f80000)
  to   space 12800K, 0% used [0x0000000783d80000,0x0000000783d80000,0x0000000784a00000)
 ParOldGen       total 124416K, used 13078K [0x00000006c2400000, 0x00000006c9d80000, 0x000000076b700000)
  object space 124416K, 10% used [0x00000006c2400000,0x00000006c30c5a10,0x00000006c9d80000)
 Metaspace       used 33513K, capacity 35314K, committed 35496K, reserved 1081344K
  class space    used 4248K, capacity 4583K, committed 4656K, reserved 1048576K
}
Event: 3.602 GC heap before
{Heap before GC invocations=10 (full 2):
 PSYoungGen      total 221696K, used 208896K [0x000000076b700000, 0x0000000784a00000, 0x00000007c0000000)
  eden space 208896K, 100% used [0x000000076b700000,0x0000000778300000,0x0000000778300000)
  from space 12800K, 0% used [0x0000000778300000,0x0000000778300000,0x0000000778f80000)
  to   space 12800K, 0% used [0x0000000783d80000,0x0000000783d80000,0x0000000784a00000)
 ParOldGen       total 124416K, used 13078K [0x00000006c2400000, 0x00000006c9d80000, 0x000000076b700000)
  object space 124416K, 10% used [0x00000006c2400000,0x00000006c30c5a10,0x00000006c9d80000)
 Metaspace       used 45521K, capacity 47798K, committed 47920K, reserved 1091584K
  class space    used 6022K, capacity 6420K, committed 6448K, reserved 1048576K
Event: 3.611 GC heap after
Heap after GC invocations=10 (full 2):
 PSYoungGen      total 366080K, used 12771K [0x000000076b700000, 0x0000000784a00000, 0x00000007c0000000)
  eden space 353280K, 0% used [0x000000076b700000,0x000000076b700000,0x0000000781000000)
  from space 12800K, 99% used [0x0000000783d80000,0x00000007849f8f60,0x0000000784a00000)
  to   space 15360K, 0% used [0x0000000782c00000,0x0000000782c00000,0x0000000783b00000)
 ParOldGen       total 124416K, used 15943K [0x00000006c2400000, 0x00000006c9d80000, 0x000000076b700000)
  object space 124416K, 12% used [0x00000006c2400000,0x00000006c3391f40,0x00000006c9d80000)
 Metaspace       used 45521K, capacity 47798K, committed 47920K, reserved 1091584K
  class space    used 6022K, capacity 6420K, committed 6448K, reserved 1048576K
}
Event: 22.560 GC heap before
{Heap before GC invocations=11 (full 2):
 PSYoungGen      total 366080K, used 219066K [0x000000076b700000, 0x0000000784a00000, 0x00000007c0000000)
  eden space 353280K, 58% used [0x000000076b700000,0x0000000778075a10,0x0000000781000000)
  from space 12800K, 99% used [0x0000000783d80000,0x00000007849f8f60,0x0000000784a00000)
  to   space 15360K, 0% used [0x0000000782c00000,0x0000000782c00000,0x0000000783b00000)
 ParOldGen       total 124416K, used 15943K [0x00000006c2400000, 0x00000006c9d80000, 0x000000076b700000)
  object space 124416K, 12% used [0x00000006c2400000,0x00000006c3391f40,0x00000006c9d80000)
 Metaspace       used 56202K, capacity 59114K, committed 59160K, reserved 1099776K
  class space    used 7587K, capacity 8074K, committed 8112K, reserved 1048576K
Event: 22.570 GC heap after
Heap after GC invocations=11 (full 2):
 PSYoungGen      total 397312K, used 15333K [0x000000076b700000, 0x000000078b500000, 0x00000007c0000000)
  eden space 381952K, 0% used [0x000000076b700000,0x000000076b700000,0x0000000782c00000)
  from space 15360K, 99% used [0x0000000782c00000,0x0000000783af9788,0x0000000783b00000)
  to   space 17920K, 0% used [0x000000078a380000,0x000000078a380000,0x000000078b500000)
 ParOldGen       total 124416K, used 18048K [0x00000006c2400000, 0x00000006c9d80000, 0x000000076b700000)
  object space 124416K, 14% used [0x00000006c2400000,0x00000006c35a02a8,0x00000006c9d80000)
 Metaspace       used 56202K, capacity 59114K, committed 59160K, reserved 1099776K
  class space    used 7587K, capacity 8074K, committed 8112K, reserved 1048576K
}
Event: 22.570 GC heap before
{Heap before GC invocations=12 (full 3):
 PSYoungGen      total 397312K, used 15333K [0x000000076b700000, 0x000000078b500000, 0x00000007c0000000)
  eden space 381952K, 0% used [0x000000076b700000,0x000000076b700000,0x0000000782c00000)
  from space 15360K, 99% used [0x0000000782c00000,0x0000000783af9788,0x0000000783b00000)
  to   space 17920K, 0% used [0x000000078a380000,0x000000078a380000,0x000000078b500000)
 ParOldGen       total 124416K, used 18048K [0x00000006c2400000, 0x00000006c9d80000, 0x000000076b700000)
  object space 124416K, 14% used [0x00000006c2400000,0x00000006c35a02a8,0x00000006c9d80000)
 Metaspace       used 56202K, capacity 59114K, committed 59160K, reserved 1099776K
  class space    used 7587K, capacity 8074K, committed 8112K, reserved 1048576K
Event: 22.666 GC heap after
Heap after GC invocations=12 (full 3):
 PSYoungGen      total 397312K, used 0K [0x000000076b700000, 0x000000078b500000, 0x00000007c0000000)
  eden space 381952K, 0% used [0x000000076b700000,0x000000076b700000,0x0000000782c00000)
  from space 15360K, 0% used [0x0000000782c00000,0x0000000782c00000,0x0000000783b00000)
  to   space 17920K, 0% used [0x000000078a380000,0x000000078a380000,0x000000078b500000)
 ParOldGen       total 161280K, used 27501K [0x00000006c2400000, 0x00000006cc180000, 0x000000076b700000)
  object space 161280K, 17% used [0x00000006c2400000,0x00000006c3edb4c0,0x00000006cc180000)
 Metaspace       used 56201K, capacity 59108K, committed 59160K, reserved 1099776K
  class space    used 7587K, capacity 8073K, committed 8112K, reserved 1048576K
}

Deoptimization events (0 events):
No events

Internal exceptions (10 events):
Event: 4.108 Thread 0x0000000002886800 Exception <a 'java/lang/ArrayIndexOutOfBoundsException'> (0x0000000773512618) thrown at [C:\re\workspace\8-2-build-windows-amd64-cygwin\jdk8u91\7017\hotspot\src\share\vm\runtime\sharedRuntime.cpp, line 605]
Event: 10.768 Thread 0x00000000223bf000 Exception <a 'java/lang/ArrayIndexOutOfBoundsException'> (0x00000007763564a8) thrown at [C:\re\workspace\8-2-build-windows-amd64-cygwin\jdk8u91\7017\hotspot\src\share\vm\runtime\sharedRuntime.cpp, line 605]
Event: 22.452 Thread 0x00000000223bf000 Exception <a 'java/lang/NoSuchMethodError': java.lang.Object.lambda$mapIfAllPresent$6(Ljava/util/Optional;Ljava/util/function/BiFunction;Ljava/lang/Object;)Ljava/util/Optional;> (0x0000000777ed3c38) thrown at [C:\re\workspace\8-2-build-windows-amd64-cygwinNðMÓgu6@
Event: 22.459 Thread 0x00000000223bf000 Exception <a 'java/lang/NoSuchMethodError': java.lang.Object.lambda$null$5(Ljava/util/function/BiFunction;Ljava/lang/Object;Ljava/lang/Object;)Ljava/lang/Object;> (0x0000000777ed88c8) thrown at [C:\re\workspace\8-2-build-windows-amd64-cygwin\jdk8u91\7017\hdY0ñ»6@
Event: 22.734 Thread 0x00000000223bf000 Exception <a 'java/lang/NoSuchMethodError': java.lang.Object.lambda$static$0(Lorg/hibernate/type/EntityType;Ljava/lang/Object;Lorg/hibernate/engine/spi/SharedSessionContractImplementor;Ljava/lang/Object;Ljava/lang/Boolean;)Ljava/lang/Object;> (0x000000076b5.2.9.REË¸œã!b
Event: 22.778 Thread 0x00000000223bf000 Exception <a 'java/lang/ArrayIndexOutOfBoundsException': 23> (0x000000076b770588) thrown at [C:\re\workspace\8-2-build-windows-amd64-cygwin\jdk8u91\7017\hotspot\src\share\vm\interpreter\interpreterRuntime.cpp, line 366]
Event: 24.890 Thread 0x00000000223bf000 Exception <a 'java/lang/reflect/InvocationTargetException'> (0x000000076b7f41f8) thrown at [C:\re\workspace\8-2-build-windows-amd64-cygwin\jdk8u91\7017\hotspot\src\share\vm\runtime\reflection.cpp, line 1092]
Event: 31.013 Thread 0x00000000223bf000 Exception <a 'java/lang/ArrayIndexOutOfBoundsException'> (0x000000076bea4270) thrown at [C:\re\workspace\8-2-build-windows-amd64-cygwin\jdk8u91\7017\hotspot\src\share\vm\runtime\sharedRuntime.cpp, line 605]
Event: 31.017 Thread 0x00000000223bf000 Exception <a 'java/lang/ArrayIndexOutOfBoundsException'> (0x000000076bf72a78) thrown at [C:\re\workspace\8-2-build-windows-amd64-cygwin\jdk8u91\7017\hotspot\src\share\vm\runtime\sharedRuntime.cpp, line 605]
Event: 31.031 Thread 0x00000000223bf000 Exception <a 'java/lang/ArrayIndexOutOfBoundsException'> (0x000000076c20c318) thrown at [C:\re\workspace\8-2-build-windows-amd64-cygwin\jdk8u91\7017\hotspot\src\share\vm\runtime\sharedRuntime.cpp, line 605]

Events (10 events):
Event: 91.051 Thread 0x0000000024288000 Thread exited: 0x0000000024288000
Event: 91.051 Thread 0x000000002428a000 Thread exited: 0x000000002428a000
Event: 91.051 Thread 0x000000002428f800 Thread exited: 0x000000002428f800
Event: 91.051 Thread 0x000000001feb2000 Thread exited: 0x000000001feb2000
Event: 91.054 Thread 0x0000000024291800 Thread exited: 0x0000000024291800
Event: 91.054 Thread 0x000000001ffe3000 Thread exited: 0x000000001ffe3000
Event: 332.037 Executing VM operation: ChangeBreakpoints
Event: 332.037 Executing VM operation: ChangeBreakpoints done
Event: 332.055 Executing VM operation: RedefineClasses
Event: 332.073 Executing VM operation: RedefineClasses done


Dynamic libraries:
0x00007ff67ec20000 - 0x00007ff67ec57000 	C:\Program Files\Java\jre1.8.0_91\bin\javaw.exe
0x00007ffff2e00000 - 0x00007ffff2ff0000 	C:\Windows\SYSTEM32\ntdll.dll
0x00007ffff2220000 - 0x00007ffff22d2000 	C:\Windows\System32\KERNEL32.DLL
0x00007fffefd90000 - 0x00007ffff0035000 	C:\Windows\System32\KERNELBASE.dll
0x00007ffff2c70000 - 0x00007ffff2d13000 	C:\Windows\System32\ADVAPI32.dll
0x00007ffff2d20000 - 0x00007ffff2dbe000 	C:\Windows\System32\msvcrt.dll
0x00007ffff1c60000 - 0x00007ffff1cf7000 	C:\Windows\System32\sechost.dll
0x00007ffff0eb0000 - 0x00007ffff0fd0000 	C:\Windows\System32\RPCRT4.dll
0x00007ffff22e0000 - 0x00007ffff2475000 	C:\Windows\System32\USER32.dll
0x00007ffff0500000 - 0x00007ffff0521000 	C:\Windows\System32\win32u.dll
0x00007ffff1d00000 - 0x00007ffff1d26000 	C:\Windows\System32\GDI32.dll
0x00007ffff0040000 - 0x00007ffff01d6000 	C:\Windows\System32\gdi32full.dll
0x00007ffff0460000 - 0x00007ffff04fe000 	C:\Windows\System32\msvcp_win.dll
0x00007ffff0260000 - 0x00007ffff035a000 	C:\Windows\System32\ucrtbase.dll
0x00007fffdfbd0000 - 0x00007fffdfe54000 	C:\Windows\WinSxS\amd64_microsoft.windows.common-controls_6595b64144ccf1df_6.0.18362.1082_none_9e8193e1e45b25c1\COMCTL32.dll
0x00007ffff1860000 - 0x00007ffff1b95000 	C:\Windows\System32\combase.dll
0x00007ffff0e30000 - 0x00007ffff0eb0000 	C:\Windows\System32\bcryptPrimitives.dll
0x00007ffff1540000 - 0x00007ffff156e000 	C:\Windows\System32\IMM32.DLL
0x000000006db60000 - 0x000000006dc32000 	C:\Program Files\Java\jre1.8.0_91\bin\msvcr100.dll
0x000000006e770000 - 0x000000006f003000 	C:\Program Files\Java\jre1.8.0_91\bin\server\jvm.dll
0x00007ffff1480000 - 0x00007ffff1488000 	C:\Windows\System32\PSAPI.DLL
0x00007fffdab30000 - 0x00007fffdab39000 	C:\Windows\SYSTEM32\WSOCK32.dll
0x00007ffff17f0000 - 0x00007ffff185f000 	C:\Windows\System32\WS2_32.dll
0x00007fffed670000 - 0x00007fffed694000 	C:\Windows\SYSTEM32\WINMM.dll
0x00007fffea7f0000 - 0x00007fffea7fa000 	C:\Windows\SYSTEM32\VERSION.dll
0x00007fffed640000 - 0x00007fffed66d000 	C:\Windows\SYSTEM32\winmmbase.dll
0x00007ffff0360000 - 0x00007ffff03aa000 	C:\Windows\System32\cfgmgr32.dll
0x000000006e760000 - 0x000000006e76f000 	C:\Program Files\Java\jre1.8.0_91\bin\verify.dll
0x000000006e730000 - 0x000000006e759000 	C:\Program Files\Java\jre1.8.0_91\bin\java.dll
0x000000006db00000 - 0x000000006db35000 	C:\Program Files\Java\jre1.8.0_91\bin\jdwp.dll
0x000000006daf0000 - 0x000000006daf8000 	C:\Program Files\Java\jre1.8.0_91\bin\npt.dll
0x000000006d840000 - 0x000000006d863000 	C:\Program Files\Java\jre1.8.0_91\bin\instrument.dll
0x000000006e710000 - 0x000000006e726000 	C:\Program Files\Java\jre1.8.0_91\bin\zip.dll
0x00007ffff2480000 - 0x00007ffff2b67000 	C:\Windows\System32\SHELL32.dll
0x00007ffff1490000 - 0x00007ffff1539000 	C:\Windows\System32\shcore.dll
0x00007ffff0530000 - 0x00007ffff0cb0000 	C:\Windows\System32\windows.storage.dll
0x00007fffefcf0000 - 0x00007fffefd13000 	C:\Windows\System32\profapi.dll
0x00007fffefd40000 - 0x00007fffefd8a000 	C:\Windows\System32\powrprof.dll
0x00007fffefcc0000 - 0x00007fffefcd0000 	C:\Windows\System32\UMPDC.dll
0x00007ffff11e0000 - 0x00007ffff1232000 	C:\Windows\System32\shlwapi.dll
0x00007fffefcd0000 - 0x00007fffefce1000 	C:\Windows\System32\kernel.appcore.dll
0x00007ffff0240000 - 0x00007ffff0257000 	C:\Windows\System32\cryptsp.dll
0x000000006dae0000 - 0x000000006dae9000 	C:\Program Files\Java\jre1.8.0_91\bin\dt_socket.dll
0x00007fffd6810000 - 0x00007fffd6826000 	C:\Windows\system32\napinsp.dll
0x00007fffd5900000 - 0x00007fffd591a000 	C:\Windows\system32\pnrpnsp.dll
0x00007fffef510000 - 0x00007fffef577000 	C:\Windows\System32\mswsock.dll
0x00007fffef260000 - 0x00007fffef32b000 	C:\Windows\SYSTEM32\DNSAPI.dll
0x00007ffff1240000 - 0x00007ffff1248000 	C:\Windows\System32\NSI.dll
0x00007fffef220000 - 0x00007fffef25a000 	C:\Windows\SYSTEM32\IPHLPAPI.DLL
0x00007fffd9860000 - 0x00007fffd986e000 	C:\Windows\System32\winrnr.dll
0x00007fffeb950000 - 0x00007fffeb96c000 	C:\Windows\system32\NLAapi.dll
0x00007fffea900000 - 0x00007fffea915000 	C:\Windows\system32\wshbth.dll
0x000000006fa60000 - 0x000000006fa86000 	C:\Program Files\Bonjour\mdnsNSP.dll
0x00007fffe78c0000 - 0x00007fffe7937000 	C:\Windows\System32\fwpuclnt.dll
0x00007ffff0cb0000 - 0x00007ffff0cd6000 	C:\Windows\System32\bcrypt.dll
0x00007fffe7260000 - 0x00007fffe726a000 	C:\Windows\System32\rasadhlp.dll
0x000000006dd00000 - 0x000000006dd0d000 	C:\Program Files\Java\jre1.8.0_91\bin\management.dll
0x000000006e6f0000 - 0x000000006e70a000 	C:\Program Files\Java\jre1.8.0_91\bin\net.dll
0x000000006e6d0000 - 0x000000006e6e1000 	C:\Program Files\Java\jre1.8.0_91\bin\nio.dll
0x00007fffef080000 - 0x00007fffef0b3000 	C:\Windows\system32\rsaenh.dll
0x00007fffefba0000 - 0x00007fffefbc5000 	C:\Windows\SYSTEM32\USERENV.dll
0x00007fffef6e0000 - 0x00007fffef6ec000 	C:\Windows\SYSTEM32\CRYPTBASE.dll
0x00007fffe86b0000 - 0x00007fffe86c6000 	C:\Windows\SYSTEM32\dhcpcsvc6.DLL
0x00007fffe7ec0000 - 0x00007fffe7edc000 	C:\Windows\SYSTEM32\dhcpcsvc.DLL
0x00007fffee5e0000 - 0x00007fffee7d4000 	C:\Windows\SYSTEM32\dbghelp.dll

VM Arguments:
jvm_args: -agentlib:jdwp=transport=dt_socket,suspend=y,address=localhost:61955 -Dcom.sun.management.jmxremote -Dcom.sun.management.jmxremote.port=61954 -Dcom.sun.management.jmxremote.authenticate=false -Dcom.sun.management.jmxremote.ssl=false -Djava.rmi.server.hostname=localhost -Dspring.jmx.enabled=true -Dspring.application.admin.enabled=true -Xverify:none -XX:TieredStopAtLevel=1 -Dspring.boot.project.name=TipoCambio -javaagent:C:\Users\Hossmell\Documents\Instaladores\sts-4.7.1.RELEASE\configuration\org.eclipse.osgi\248\0\.cp\lib\javaagent-shaded.jar -Dfile.encoding=UTF-8 
java_command: com.devhoss.TipoCambioApplication --spring.output.ansi.enabled=always
java_class_path (initial): C:\Users\Hossmell\Documents\workspace-spring-tool-suite-4-4.7.1.RELEASE\TipoCambio\target\classes;C:\Users\Hossmell\.m2\repository\org\springframework\boot\spring-boot-starter-data-jpa\2.3.4.RELEASE\spring-boot-starter-data-jpa-2.3.4.RELEASE.jar;C:\Users\Hossmell\.m2\repository\org\springframework\boot\spring-boot-starter-aop\2.3.4.RELEASE\spring-boot-starter-aop-2.3.4.RELEASE.jar;C:\Users\Hossmell\.m2\repository\org\springframework\spring-aop\5.2.9.RELEASE\spring-aop-5.2.9.RELEASE.jar;C:\Users\Hossmell\.m2\repository\org\aspectj\aspectjweaver\1.9.6\aspectjweaver-1.9.6.jar;C:\Users\Hossmell\.m2\repository\org\springframework\boot\spring-boot-starter-jdbc\2.3.4.RELEASE\spring-boot-starter-jdbc-2.3.4.RELEASE.jar;C:\Users\Hossmell\.m2\repository\com\zaxxer\HikariCP\3.4.5\HikariCP-3.4.5.jar;C:\Users\Hossmell\.m2\repository\org\springframework\spring-jdbc\5.2.9.RELEASE\spring-jdbc-5.2.9.RELEASE.jar;C:\Users\Hossmell\.m2\repository\jakarta\transaction\jakarta.transaction-api\1.3.3\jakarta.transaction-api-1.3.3.jar;C:\Users\Hossmell\.m2\repository\jakarta\persistence\jakarta.persistence-api\2.2.3\jakarta.persistence-api-2.2.3.jar;C:\Users\Hossmell\.m2\repository\org\hibernate\hibernate-core\5.4.21.Final\hibernate-core-5.4.21.Final.jar;C:\Users\Hossmell\.m2\repository\org\jboss\logging\jboss-logging\3.4.1.Final\jboss-logging-3.4.1.Final.jar;C:\Users\Hossmell\.m2\repository\org\javassist\javassist\3.24.0-GA\javassist-3.24.0-GA.jar;C:\Users\Hossmell\.m2\repository\net\bytebuddy\byte-buddy\1.10.14\byte-buddy-1.10.14.jar;C:\Users\Hossmell\.m2\repository\antlr\antlr\2.7.7\antlr-2.7.7.jar;C:\Users\Hossmell\.m2\repository\org\jboss\jandex\2.1.3.Final\jandex-2.1.3.Final.jar;C:\Users\Hossmell\.m2\repository\org\dom4j\dom4j\2.1.3\dom4j-2.1.3.jar;C:\Users\Hossmell\.m2\repository\org\hibernate\common\hibernate-commons-annotations\5.1.0.Final\hibernate-commons-annotations-5.1.0.Final.jar;C:\Users\Hossmell\.m2\repository\org\glassfish\jaxb\jaxb-runtime\2.3.3\
Launcher Type: SUN_STANDARD

Environment Variables:
JAVA_HOME=C:\Users\Hossmell\Documents\Instaladores\CodeReady\java-1.8.0-openjdk-1.8.0.265-3.b01.redhat.windows.x86_64
PATH=C:/Program Files/Java/jre1.8.0_91/bin/server;C:/Program Files/Java/jre1.8.0_91/bin;C:/Program Files/Java/jre1.8.0_91/lib/amd64;C:\Program Files (x86)\Common Files\Oracle\Java\javapath;C:\Windows\system32;C:\Windows;C:\Windows\System32\Wbem;C:\Windows\System32\WindowsPowerShell\v1.0\;C:\Windows\System32\OpenSSH\;C:\Program Files (x86)\NVIDIA Corporation\PhysX\Common;C:\Program Files\NVIDIA Corporation\NVIDIA NvDLISR;C:\Program Files\dotnet\;C:\Program Files\Microsoft SQL Server\130\Tools\Binn\;C:\Program Files\Microsoft SQL Server\Client SDK\ODBC\170\Tools\Binn\;C:\Program Files (x86)\Microsoft SQL Server\150\DTS\Binn\;C:\Program Files\Microsoft SQL Server\Client SDK\ODBC\130\Tools\Binn\;C:\Program Files (x86)\Microsoft SQL Server\140\Tools\Binn\;C:\Program Files\Microsoft SQL Server\140\Tools\Binn\;C:\Program Files\Microsoft SQL Server\140\DTS\Binn\;C:\Program Files\nodejs\;C:\Users\Hossmell\Documents\ELK\logstash-7.6.1\bin;C:\Program Files\Git\cmd;C:\Users\Hossmell\Documents\Instaladores\CodeReady\java-1.8.0-openjdk-1.8.0.265-3.b01.redhat.windows.x86_64\bin;C:\Program Files (x86)\GitExtensions\;C:\Users\Hossmell\AppData\Local\Microsoft\WindowsApps;C:\Users\Hossmell\AppData\Roaming\npm;C:\Users\Hossmell\AppData\Local\Programs\Microsoft VS Code\bin;C:\Users\Hossmell\.dotnet\tools;C:\Users\Hossmell\Documents\Instaladores\sts-4.7.1.RELEASE;
USERNAME=Hossmell
OS=Windows_NT
PROCESSOR_IDENTIFIER=Intel64 Family 6 Model 158 Stepping 10, GenuineIntel



---------------  S Y S T E M  ---------------

OS: Windows 10.0 , 64 bit Build 18362 (10.0.18362.1082)

CPU:total 12 (6 cores per cpu, 2 threads per core) family 6 model 158 stepping 10, cmov, cx8, fxsr, mmx, sse, sse2, sse3, ssse3, sse4.1, sse4.2, popcnt, avx, avx2, aes, clmul, erms, 3dnowpref, lzcnt, ht, tsc, tscinvbit, bmi1, bmi2, adx

Memory: 4k page, physical 16624848k(2194836k free), swap 26434292k(3880616k free)

vm_info: Java HotSpot(TM) 64-Bit Server VM (25.91-b15) for windows-amd64 JRE (1.8.0_91-b15), built on May 20 2016 17:43:15 by "java_re" with MS VC++ 10.0 (VS2010)

time: Fri Sep 25 01:11:12 2020
elapsed time: 332 seconds (0d 0h 5m 32s)

